<?xml version="1.0" encoding="UTF-8"?>
<!-- Generated by org.testng.reporters.JUnitReportReporter -->
<testsuite skipped="0" hostname="XEN-656" name="Project1.JenkinsTest.Class1" tests="1" failures="0" timestamp="31 Jan 2018 08:19:26 GMT" time="15.750" errors="0">
  <testcase name="testMethod1" time="15.750" classname="Project1.JenkinsTest.Class1"/>
</testsuite> <!-- Project1.JenkinsTest.Class1 -->
